2024-09-17 17:32:33 0 [Note] Starting MariaDB 10.4.32-MariaDB source revision c4143f909528e3fab0677a28631d10389354c491 as process 17656
2024-09-17 17:32:33 0 [Note] InnoDB: Mutexes and rw_locks use Windows interlocked functions
2024-09-17 17:32:33 0 [Note] InnoDB: Uses event mutexes
2024-09-17 17:32:33 0 [Note] InnoDB: Compressed tables use zlib 1.3
2024-09-17 17:32:33 0 [Note] InnoDB: Number of pools: 1
2024-09-17 17:32:33 0 [Note] InnoDB: Using SSE2 crc32 instructions
2024-09-17 17:32:33 0 [Note] InnoDB: Initializing buffer pool, total size = 16M, instances = 1, chunk size = 16M
2024-09-17 17:32:33 0 [Note] InnoDB: Completed initialization of buffer pool
2024-09-17 17:32:33 0 [Note] InnoDB: Starting crash recovery from checkpoint LSN=300288
2024-09-17 17:32:33 0 [Note] InnoDB: 128 out of 128 rollback segments are active.
2024-09-17 17:32:33 0 [Note] InnoDB: Removed temporary tablespace data file: "ibtmp1"
2024-09-17 17:32:33 0 [Note] InnoDB: Creating shared tablespace for temporary tables
2024-09-17 17:32:33 0 [Note] InnoDB: Setting file 'C:\xampp\mysql\data\ibtmp1' size to 12 MB. Physically writing the file full; Please wait ...
2024-09-17 17:32:33 0 [Note] InnoDB: File 'C:\xampp\mysql\data\ibtmp1' size is now 12 MB.
2024-09-17 17:32:33 0 [Note] InnoDB: Waiting for purge to start
2024-09-17 17:32:33 0 [Note] InnoDB: 10.4.32 started; log sequence number 300297; transaction id 170
2024-09-17 17:32:33 0 [Note] InnoDB: Loading buffer pool(s) from C:\xampp\mysql\data\ib_buffer_pool
2024-09-17 17:32:33 0 [Note] Plugin 'FEEDBACK' is disabled.
2024-09-17 17:32:33 0 [Note] Server socket created on IP: '::'.
2024-09-18 21:16:57 0 [Note] Starting MariaDB 10.4.32-MariaDB source revision c4143f909528e3fab0677a28631d10389354c491 as process 7052
2024-09-18 21:16:57 0 [Note] InnoDB: Mutexes and rw_locks use Windows interlocked functions
2024-09-18 21:16:57 0 [Note] InnoDB: Uses event mutexes
2024-09-18 21:16:57 0 [Note] InnoDB: Compressed tables use zlib 1.3
2024-09-18 21:16:57 0 [Note] InnoDB: Number of pools: 1
2024-09-18 21:16:57 0 [Note] InnoDB: Using SSE2 crc32 instructions
2024-09-18 21:16:57 0 [Note] InnoDB: Initializing buffer pool, total size = 16M, instances = 1, chunk size = 16M
2024-09-18 21:16:57 0 [Note] InnoDB: Completed initialization of buffer pool
2024-09-18 21:16:57 0 [Note] InnoDB: Starting crash recovery from checkpoint LSN=317925
2024-09-18 21:16:57 0 [Note] InnoDB: 128 out of 128 rollback segments are active.
2024-09-18 21:16:57 0 [Note] InnoDB: Removed temporary tablespace data file: "ibtmp1"
2024-09-18 21:16:57 0 [Note] InnoDB: Creating shared tablespace for temporary tables
2024-09-18 21:16:57 0 [Note] InnoDB: Setting file 'C:\xampp\mysql\data\ibtmp1' size to 12 MB. Physically writing the file full; Please wait ...
2024-09-18 21:16:57 0 [Note] InnoDB: File 'C:\xampp\mysql\data\ibtmp1' size is now 12 MB.
2024-09-18 21:16:57 0 [Note] InnoDB: Waiting for purge to start
2024-09-18 21:16:57 0 [Note] InnoDB: 10.4.32 started; log sequence number 317934; transaction id 242
2024-09-18 21:16:57 0 [Note] InnoDB: Loading buffer pool(s) from C:\xampp\mysql\data\ib_buffer_pool
2024-09-18 21:16:57 0 [Note] Plugin 'FEEDBACK' is disabled.
2024-09-18 21:16:57 0 [Note] InnoDB: Buffer pool(s) load completed at 240918 21:16:57
2024-09-18 21:16:57 0 [Note] Server socket created on IP: '::'.
2024-09-25 16:41:25 0 [Note] Starting MariaDB 10.4.32-MariaDB source revision c4143f909528e3fab0677a28631d10389354c491 as process 18528
2024-09-25 16:41:25 0 [Note] InnoDB: Mutexes and rw_locks use Windows interlocked functions
2024-09-25 16:41:25 0 [Note] InnoDB: Uses event mutexes
2024-09-25 16:41:25 0 [Note] InnoDB: Compressed tables use zlib 1.3
2024-09-25 16:41:25 0 [Note] InnoDB: Number of pools: 1
2024-09-25 16:41:25 0 [Note] InnoDB: Using SSE2 crc32 instructions
2024-09-25 16:41:25 0 [Note] InnoDB: Initializing buffer pool, total size = 16M, instances = 1, chunk size = 16M
2024-09-25 16:41:25 0 [Note] InnoDB: Completed initialization of buffer pool
2024-09-25 16:41:25 0 [Note] InnoDB: Starting crash recovery from checkpoint LSN=325225
2024-09-25 16:41:26 0 [Note] InnoDB: 128 out of 128 rollback segments are active.
2024-09-25 16:41:26 0 [Note] InnoDB: Removed temporary tablespace data file: "ibtmp1"
2024-09-25 16:41:26 0 [Note] InnoDB: Creating shared tablespace for temporary tables
2024-09-25 16:41:26 0 [Note] InnoDB: Setting file 'C:\xampp\mysql\data\ibtmp1' size to 12 MB. Physically writing the file full; Please wait ...
2024-09-25 16:41:26 0 [Note] InnoDB: File 'C:\xampp\mysql\data\ibtmp1' size is now 12 MB.
2024-09-25 16:41:26 0 [Note] InnoDB: Waiting for purge to start
2024-09-25 16:41:26 0 [Note] InnoDB: 10.4.32 started; log sequence number 325234; transaction id 290
2024-09-25 16:41:26 0 [Note] InnoDB: Loading buffer pool(s) from C:\xampp\mysql\data\ib_buffer_pool
2024-09-25 16:41:26 0 [Note] Plugin 'FEEDBACK' is disabled.
2024-09-25 16:41:26 0 [Note] InnoDB: Buffer pool(s) load completed at 240925 16:41:26
2024-09-25 16:41:26 0 [Note] Server socket created on IP: '::'.
2024-10-25 20:31:44 0 [Note] Starting MariaDB 10.4.32-MariaDB source revision c4143f909528e3fab0677a28631d10389354c491 as process 1116
2024-10-25 20:31:44 0 [Note] InnoDB: Mutexes and rw_locks use Windows interlocked functions
2024-10-25 20:31:44 0 [Note] InnoDB: Uses event mutexes
2024-10-25 20:31:44 0 [Note] InnoDB: Compressed tables use zlib 1.3
2024-10-25 20:31:44 0 [Note] InnoDB: Number of pools: 1
2024-10-25 20:31:44 0 [Note] InnoDB: Using SSE2 crc32 instructions
2024-10-25 20:31:44 0 [Note] InnoDB: Initializing buffer pool, total size = 16M, instances = 1, chunk size = 16M
2024-10-25 20:31:44 0 [Note] InnoDB: Completed initialization of buffer pool
2024-10-25 20:31:44 0 [Note] InnoDB: Starting crash recovery from checkpoint LSN=326157
2024-10-25 20:31:44 0 [Note] InnoDB: 128 out of 128 rollback segments are active.
2024-10-25 20:31:44 0 [Note] InnoDB: Removed temporary tablespace data file: "ibtmp1"
2024-10-25 20:31:44 0 [Note] InnoDB: Creating shared tablespace for temporary tables
2024-10-25 20:31:44 0 [Note] InnoDB: Setting file 'C:\xampp\mysql\data\ibtmp1' size to 12 MB. Physically writing the file full; Please wait ...
2024-10-25 20:31:44 0 [Note] InnoDB: File 'C:\xampp\mysql\data\ibtmp1' size is now 12 MB.
2024-10-25 20:31:44 0 [Note] InnoDB: Waiting for purge to start
2024-10-25 20:31:44 0 [Note] InnoDB: 10.4.32 started; log sequence number 326166; transaction id 313
2024-10-25 20:31:44 0 [Note] InnoDB: Loading buffer pool(s) from C:\xampp\mysql\data\ib_buffer_pool
2024-10-25 20:31:44 0 [Note] Plugin 'FEEDBACK' is disabled.
2024-10-25 20:31:44 0 [Note] InnoDB: Buffer pool(s) load completed at 241025 20:31:44
2024-10-25 20:31:44 0 [Note] Server socket created on IP: '::'.
